============================= test session starts ==============================
platform darwin -- Python 3.13.2, pytest-9.1.1, pluggy-1.6.0 -- /Users/malo/Documents/New project/hydrosentinel/backend/.venv/bin/python3.13
rootdir: /Users/malo/Documents/New project/hydrosentinel/backend
plugins: anyio-4.13.0
collecting ... collected 183 items

tests/test_ai_rate_limit.py::test_allows_calls_under_the_limit PASSED    [  0%]
tests/test_ai_rate_limit.py::test_blocks_calls_over_the_limit PASSED     [  1%]
tests/test_ai_rate_limit.py::test_limit_is_per_user_not_global PASSED    [  1%]
tests/test_ai_rate_limit.py::test_old_calls_fall_out_of_the_window PASSED [  2%]
tests/test_ai_rate_limit.py::test_endpoint_returns_429_when_rate_limited PASSED [  2%]
tests/test_ai_rate_limit.py::test_openai_client_has_a_short_timeout_so_an_outage_fails_fast PASSED [  3%]
tests/test_alerts.py::test_high_risk_score_creates_alert PASSED          [  3%]
tests/test_alerts.py::test_high_risk_alert_not_duplicated PASSED         [  4%]
tests/test_alerts.py::test_acknowledge_alert PASSED                      [  4%]
tests/test_alerts.py::test_acknowledge_already_acknowledged_is_idempotent PASSED [  5%]
tests/test_alerts.py::test_list_alerts_returns_all PASSED                [  6%]
tests/test_alerts.py::test_list_alerts_unacknowledged_filter PASSED      [  6%]
tests/test_alerts.py::test_list_alerts_requires_auth PASSED              [  7%]
tests/test_alerts.py::test_acknowledge_nonexistent_alert_returns_404 PASSED [  7%]
tests/test_alerts.py::test_report_volume_spike_alert_fires_at_five_reports_in_24h PASSED [  8%]
tests/test_alerts.py::test_report_volume_spike_alert_does_not_fire_below_five_reports PASSED [  8%]
tests/test_audit_log.py::test_cap_status_change_writes_audit_entry PASSED [  9%]
tests/test_audit_log.py::test_audit_entry_contains_actor PASSED          [  9%]
tests/test_audit_log.py::test_report_status_update_writes_audit_entry PASSED [ 10%]
tests/test_audit_log.py::test_risk_score_run_writes_audit_entry PASSED   [ 10%]
tests/test_audit_log.py::test_get_audit_log_endpoint PASSED              [ 11%]
tests/test_audit_log.py::test_get_audit_log_filter_by_record PASSED      [ 12%]
tests/test_audit_log.py::test_audit_log_requires_admin PASSED            [ 12%]
tests/test_auth.py::test_login_returns_access_and_refresh_tokens PASSED  [ 13%]
tests/test_auth.py::test_login_sets_last_login_at PASSED                 [ 13%]
tests/test_auth.py::test_login_wrong_password_returns_401 PASSED         [ 14%]
tests/test_auth.py::test_login_inactive_user_returns_403 PASSED          [ 14%]
tests/test_auth.py::test_refresh_token_issues_new_access_token PASSED    [ 15%]
tests/test_auth.py::test_refresh_token_can_only_be_used_once PASSED      [ 15%]
tests/test_auth.py::test_logout_revokes_refresh_token PASSED             [ 16%]
tests/test_auth.py::test_me_returns_current_user PASSED                  [ 16%]
tests/test_cap_draft.py::test_parses_well_formed_json PASSED             [ 17%]
tests/test_cap_draft.py::test_accepts_bare_json_array_without_items_wrapper PASSED [ 18%]
tests/test_cap_draft.py::test_invalid_json_returns_empty_list PASSED     [ 18%]
tests/test_cap_draft.py::test_garbage_priority_falls_back_to_medium PASSED [ 19%]
tests/test_cap_draft.py::test_missing_action_drops_the_item PASSED       [ 19%]
tests/test_cap_draft.py::test_non_integer_due_days_becomes_none PASSED   [ 20%]
tests/test_cap_draft.py::test_caps_at_six_items PASSED                   [ 20%]
tests/test_cap_draft.py::test_cap_draft_endpoint_requires_admin PASSED   [ 21%]
tests/test_cap_draft.py::test_cap_draft_endpoint_404_on_unknown_wsa PASSED [ 21%]
tests/test_cap_draft.py::test_cap_draft_endpoint_returns_parsed_items PASSED [ 22%]
tests/test_cap_draft.py::test_cap_draft_endpoint_502_when_model_returns_unusable_output PASSED [ 22%]
tests/test_cap_overdue.py::test_admin_can_set_cap_due_date PASSED        [ 23%]
tests/test_cap_overdue.py::test_overdue_cap_raises_alert PASSED          [ 24%]
tests/test_cap_overdue.py::test_completed_cap_past_due_date_does_not_alert PASSED [ 24%]
tests/test_cap_overdue.py::test_future_due_date_does_not_alert PASSED    [ 25%]
tests/test_cap_overdue.py::test_overdue_alert_not_duplicated PASSED      [ 25%]
tests/test_cap_overdue.py::test_get_alerts_triggers_overdue_check PASSED [ 26%]
tests/test_csv_export.py::test_wsa_csv_export_requires_admin PASSED      [ 26%]
tests/test_csv_export.py::test_wsa_csv_export_returns_csv PASSED         [ 27%]
tests/test_csv_export.py::test_reports_csv_export_requires_admin PASSED  [ 27%]
tests/test_csv_export.py::test_reports_csv_export_returns_csv PASSED     [ 28%]
tests/test_data_labels.py::test_prompt_labels_maintenance_as_share_of_operating_expenditure PASSED [ 28%]
tests/test_data_labels.py::test_average_is_unavailable_when_there_is_no_data PASSED [ 29%]
tests/test_data_labels.py::test_municipality_without_maintenance_data_is_skipped_not_zeroed PASSED [ 30%]
tests/test_etl_load.py::test_province_centroids_cover_all_nine_provinces PASSED [ 30%]
tests/test_etl_load.py::test_new_wsa_gets_province_centroid_when_source_has_no_coords PASSED [ 31%]
tests/test_etl_load.py::test_existing_nonzero_coords_are_not_overwritten PASSED [ 31%]
tests/test_etl_load.py::test_unknown_province_falls_back_to_zero_not_crash PASSED [ 32%]
tests/test_geo_cluster_alert.py::test_haversine_zero_for_identical_points PASSED [ 32%]
tests/test_geo_cluster_alert.py::test_haversine_known_distance_johannesburg_to_pretoria PASSED [ 33%]
tests/test_geo_cluster_alert.py::test_geo_cluster_alert_fires_on_three_nearby_same_type_reports PASSED [ 33%]
tests/test_geo_cluster_alert.py::test_geo_cluster_alert_does_not_fire_on_two_reports PASSED [ 34%]
tests/test_geo_cluster_alert.py::test_geo_cluster_alert_ignores_reports_far_apart PASSED [ 34%]
tests/test_geo_cluster_alert.py::test_geo_cluster_alert_ignores_different_issue_types PASSED [ 35%]
tests/test_geo_cluster_alert.py::test_geo_cluster_alert_ignores_old_reports_outside_window PASSED [ 36%]
tests/test_geo_cluster_alert.py::test_geo_cluster_alert_not_duplicated PASSED [ 36%]
tests/test_municipal_money.py::test_normalize_strips_common_suffixes PASSED [ 37%]
tests/test_municipal_money.py::test_normalize_is_case_and_whitespace_insensitive PASSED [ 37%]
tests/test_municipal_money.py::test_match_to_wsa_names_matches_district_label_without_dm_suffix PASSED [ 38%]
tests/test_municipal_money.py::test_match_to_wsa_names_resolves_metro_alias PASSED [ 38%]
tests/test_municipal_money.py::test_match_to_wsa_names_expands_to_multiple_known_name_variants PASSED [ 39%]
tests/test_municipal_money.py::test_match_to_wsa_names_skips_unmatched_municipality PASSED [ 39%]
tests/test_municipal_money.py::test_match_to_wsa_names_handles_empty_finance_frame PASSED [ 40%]
tests/test_municipal_money.py::test_build_finance_rows_discards_negative_ratio_from_accounting_reversal PASSED [ 40%]
tests/test_municipal_money.py::test_build_finance_rows_keeps_valid_ratio PASSED [ 41%]
tests/test_municipal_money.py::test_build_finance_rows_skips_municipality_with_no_expenditure_data PASSED [ 42%]
tests/test_municipal_money.py::test_load_municipal_money_missing_file_returns_empty_frame PASSED [ 42%]
tests/test_municipal_money.py::test_load_municipal_money_computes_pct_from_expenditure_and_assets PASSED [ 43%]
tests/test_name_matching.py::test_normalize_name_strips_common_suffixes PASSED [ 43%]
tests/test_name_matching.py::test_match_to_known_names_drops_unmatched_row_instead_of_creating_one PASSED [ 44%]
tests/test_name_matching.py::test_match_to_known_names_matches_when_suffix_variant_normalizes_the_same PASSED [ 44%]
tests/test_name_matching.py::test_match_to_known_names_preserves_arbitrary_value_columns PASSED [ 45%]
tests/test_name_matching.py::test_match_to_known_names_handles_empty_known_names PASSED [ 45%]
tests/test_name_matching.py::test_match_to_known_names_handles_empty_frame PASSED [ 46%]
tests/test_parse_bdrr.py::test_classify_bdrr_matches_report_barometer_thresholds PASSED [ 46%]
tests/test_parse_bdrr.py::test_extract_name_and_scores_parses_real_report_row PASSED [ 47%]
tests/test_parse_bdrr.py::test_extract_name_and_scores_handles_extra_leading_numeric_column PASSED [ 48%]
tests/test_parse_bdrr.py::test_extract_name_and_scores_rejects_totals_row PASSED [ 48%]
tests/test_parse_bdrr.py::test_extract_name_and_scores_rejects_row_with_one_percent PASSED [ 49%]
tests/test_parse_bdrr.py::test_extract_name_and_scores_rejects_empty_row PASSED [ 49%]
tests/test_parse_green_drop.py::test_normalize_cell_joins_wrapped_name_with_space PASSED [ 50%]
tests/test_parse_green_drop.py::test_normalize_cell_handles_multiple_wraps PASSED [ 50%]
tests/test_parse_green_drop.py::test_normalize_cell_handles_none PASSED  [ 51%]
tests/test_parse_green_drop.py::test_normalize_cell_passes_through_unwrapped_name PASSED [ 51%]
tests/test_parse_green_drop.py::test_is_wsa_name_accepts_normalized_wrapped_name PASSED [ 52%]
tests/test_parse_green_drop.py::test_is_wsa_name_rejects_short_fragment PASSED [ 53%]
tests/test_parse_green_drop.py::test_is_wsa_name_rejects_garbage_tokens PASSED [ 53%]
tests/test_parse_green_drop.py::test_extract_pct_finds_percentage PASSED [ 54%]
tests/test_parse_green_drop.py::test_extract_pct_returns_none_for_no_match PASSED [ 54%]
tests/test_predict.py::test_no_model_falls_back_to_heuristic PASSED      [ 55%]
tests/test_predict.py::test_model_uses_argmax_not_high_class_probability_alone PASSED [ 55%]
tests/test_predict.py::test_confident_high_prediction_uses_model PASSED  [ 56%]
tests/test_predict.py::test_low_confidence_prediction_falls_back_to_heuristic PASSED [ 56%]
tests/test_predict.py::test_missing_blue_drop_score_falls_back_to_heuristic_even_with_model PASSED [ 57%]
tests/test_predict.py::test_probability_is_clamped_below_one PASSED      [ 57%]
tests/test_query_agent.py::test_tool_get_wsas_filters_by_province_and_risk PASSED [ 58%]
tests/test_query_agent.py::test_tool_get_wsas_filters_by_cap_status PASSED [ 59%]
tests/test_query_agent.py::test_tool_get_report_counts_reflects_real_reports PASSED [ 59%]
tests/test_query_agent.py::test_run_query_agent_executes_tool_and_returns_final_answer PASSED [ 60%]
tests/test_query_agent.py::test_run_query_agent_stops_after_max_tool_rounds PASSED [ 60%]
tests/test_query_agent.py::test_run_query_agent_handles_unknown_tool_name_gracefully PASSED [ 61%]
tests/test_query_agent.py::test_tool_get_alerts_filters_by_wsa_name PASSED [ 61%]
tests/test_query_agent.py::test_tool_get_alerts_filters_unacknowledged_only PASSED [ 62%]
tests/test_query_agent.py::test_tool_get_audit_summary_counts_by_action PASSED [ 62%]
tests/test_query_agent.py::test_tool_compare_provinces_computes_real_averages PASSED [ 63%]
tests/test_query_agent.py::test_all_registered_tools_are_callable_with_db_only PASSED [ 63%]
tests/test_query_agent.py::test_query_endpoint_requires_admin PASSED     [ 64%]
tests/test_query_agent.py::test_query_endpoint_returns_answer_and_trace PASSED [ 65%]
tests/test_query_agent.py::test_query_endpoint_rejects_too_short_question PASSED [ 65%]
tests/test_rag.py::test_retrieve_ranks_the_most_relevant_chunk_first PASSED [ 66%]
tests/test_rag.py::test_retrieve_respects_top_k PASSED                   [ 66%]
tests/test_rag.py::test_retrieve_returns_empty_list_for_empty_index PASSED [ 67%]
tests/test_rag.py::test_retrieve_excludes_zero_score_matches PASSED      [ 67%]
tests/test_rag.py::test_build_index_from_chunks_handles_empty_list PASSED [ 68%]
tests/test_rag.py::test_get_index_returns_empty_when_no_pdfs_present PASSED [ 68%]
tests/test_rag.py::test_regulatory_context_endpoint_requires_admin PASSED [ 69%]
tests/test_rag.py::test_regulatory_context_endpoint_404_when_nothing_indexed PASSED [ 69%]
tests/test_rag.py::test_regulatory_context_endpoint_returns_cited_answer PASSED [ 70%]
tests/test_rag.py::test_directory_fingerprint_changes_when_a_file_is_added PASSED [ 71%]
tests/test_rag.py::test_directory_fingerprint_changes_when_a_file_is_modified PASSED [ 71%]
tests/test_rag.py::test_directory_fingerprint_stable_when_nothing_changes PASSED [ 72%]
tests/test_rag.py::test_get_index_rebuilds_when_fingerprint_changes PASSED [ 72%]
tests/test_rag.py::test_get_index_does_not_rebuild_when_fingerprint_is_unchanged PASSED [ 73%]
tests/test_report_traceability.py::test_new_report_has_no_traceability_fields PASSED [ 73%]
tests/test_report_traceability.py::test_moving_to_in_review_sets_reviewed_by PASSED [ 74%]
tests/test_report_traceability.py::test_moving_to_resolved_sets_resolved_by PASSED [ 74%]
tests/test_report_traceability.py::test_reviewed_by_not_overwritten_on_subsequent_patch PASSED [ 75%]
tests/test_report_traceability.py::test_comment_only_change_uses_correct_audit_action PASSED [ 75%]
tests/test_report_tracking.py::test_submitted_report_gets_a_reference_code PASSED [ 76%]
tests/test_report_tracking.py::test_reference_codes_are_unique_across_reports PASSED [ 77%]
tests/test_report_tracking.py::test_track_by_reference_code_returns_status_no_auth PASSED [ 77%]
tests/test_report_tracking.py::test_track_response_excludes_pii PASSED   [ 78%]
tests/test_report_tracking.py::test_track_unknown_code_returns_404 PASSED [ 78%]
tests/test_report_tracking.py::test_track_reflects_status_update PASSED  [ 79%]
tests/test_risk_history.py::test_risk_score_saves_to_history PASSED      [ 79%]
tests/test_risk_history.py::test_risk_score_records_heuristic_source_when_no_model PASSED [ 80%]
tests/test_risk_history.py::test_risk_score_records_scored_by PASSED     [ 80%]
tests/test_risk_history.py::test_multiple_scores_accumulate_in_history PASSED [ 81%]
tests/test_risk_history.py::test_get_risk_history_returns_entries PASSED [ 81%]
tests/test_risk_history.py::test_get_risk_history_requires_auth PASSED   [ 82%]
tests/test_risk_history.py::test_get_risk_history_404_on_unknown_wsa PASSED [ 83%]
tests/test_risk_trajectory.py::test_trajectory_with_no_history_is_insufficient_data PASSED [ 83%]
tests/test_risk_trajectory.py::test_trajectory_detects_worsening_trend PASSED [ 84%]
tests/test_risk_trajectory.py::test_trajectory_requires_auth PASSED      [ 84%]
tests/test_risk_trajectory.py::test_trajectory_404_on_unknown_wsa PASSED [ 85%]
tests/test_risk_trajectory.py::test_trending_list_includes_wsa_crossing_tier PASSED [ 85%]
tests/test_risk_trajectory.py::test_trending_list_excludes_stable_wsa PASSED [ 86%]
tests/test_train_from_bdrr.py::test_splitting_string_and_int_labels_separately_gives_different_splits PASSED [ 86%]
tests/test_train_from_bdrr.py::test_single_split_call_keeps_multiple_label_representations_aligned PASSED [ 87%]
tests/test_trajectory.py::test_insufficient_history_reports_unknown_trend PASSED [ 87%]
tests/test_trajectory.py::test_flat_history_reports_stable_trend PASSED  [ 88%]
tests/test_trajectory.py::test_rising_history_reports_worsening_trend PASSED [ 89%]
tests/test_trajectory.py::test_falling_history_reports_improving_trend PASSED [ 89%]
tests/test_trajectory.py::test_projected_probability_is_clamped_to_valid_range PASSED [ 90%]
tests/test_trajectory.py::test_worsening_trend_flags_next_tier_crossing PASSED [ 90%]
tests/test_trajectory.py::test_stable_trend_does_not_flag_tier_crossing PASSED [ 91%]
tests/test_user_management.py::test_admin_can_create_new_admin_user PASSED [ 91%]
tests/test_user_management.py::test_new_user_can_log_in_with_chosen_password PASSED [ 92%]
tests/test_user_management.py::test_duplicate_email_returns_409 PASSED   [ 92%]
tests/test_user_management.py::test_non_admin_cannot_create_users PASSED [ 93%]
tests/test_user_management.py::test_list_users_requires_admin PASSED     [ 93%]
tests/test_user_management.py::test_list_users_returns_all PASSED        [ 94%]
tests/test_user_management.py::test_deactivate_user PASSED               [ 95%]
tests/test_user_management.py::test_deactivated_user_cannot_log_in PASSED [ 95%]
tests/test_user_management.py::test_deactivate_unknown_user_returns_404 PASSED [ 96%]
tests/test_wsa_dedupe.py::test_merge_sources_joins_the_same_authority_spelled_two_ways PASSED [ 96%]
tests/test_wsa_dedupe.py::test_merge_sources_keeps_same_named_authorities_in_different_provinces_apart PASSED [ 97%]
tests/test_wsa_dedupe.py::test_merge_sources_joins_metro_aliases PASSED  [ 97%]
tests/test_wsa_dedupe.py::test_find_duplicate_groups_uses_province_and_normalised_name PASSED [ 98%]
tests/test_wsa_dedupe.py::test_merge_keeps_the_scored_row_moves_reports_and_fills_gaps PASSED [ 98%]
tests/test_wsa_dedupe.py::test_dry_run_changes_nothing PASSED            [ 99%]
tests/test_wsa_dedupe.py::test_upsert_updates_the_existing_row_when_the_source_spells_the_name_differently PASSED [100%]

============================= 183 passed in 33.40s =============================
